{
"contracts/props_evm.sol":{"l":{"46":39,"47":39,"48":39,"49":39,"50":39,"51":39,"52":39,"56":41,"57":4,"59":37,"63":36,"64":3,"66":33,"70":134,"71":2,"73":132,"77":148,"78":148,"79":6,"81":142,"85":127,"86":1,"88":126,"89":126,"90":126,"94":3,"95":1,"97":2,"98":2,"99":2,"103":0,"107":1,"111":1,"115":19,"120":13,"125":6,"126":2,"128":4,"129":4,"133":6,"134":2,"136":4,"137":4,"142":5},"path":"/home/spericorn/Documents/evm_props/contracts/props_evm.sol","s":{"1":39,"2":41,"3":36,"4":134,"5":148,"6":148,"7":127,"8":126,"9":3,"10":2,"11":0,"12":1,"13":1,"14":19,"15":18,"16":1,"17":13,"18":12,"19":1,"20":6,"21":6,"22":5},"b":{"1":[4,37],"2":[3,33],"3":[2,132],"4":[6,142],"5":[129,1],"6":[128,1],"7":[127,1],"8":[1,126],"9":[5,1],"10":[4,1],"11":[3,1],"12":[1,2],"13":[2,0],"14":[1,1],"15":[3,1],"16":[2,1],"17":[1,1],"18":[21,1],"19":[20,1],"20":[19,1],"21":[18,1],"22":[15,1],"23":[14,1],"24":[13,1],"25":[12,1],"26":[8,1],"27":[6,2],"28":[2,4],"29":[1,1],"30":[8,1],"31":[6,2],"32":[2,4],"33":[1,1]},"f":{"1":39,"2":41,"3":36,"4":134,"5":148,"6":127,"7":3,"8":0,"9":1,"10":1,"11":19,"12":13,"13":6,"14":6,"15":5},"fnMap":{"1":{"name":"constructor","line":44,"loc":{"start":{"line":36,"column":4},"end":{"line":53,"column":4}}},"2":{"name":"isValidAddress","line":55,"loc":{"start":{"line":55,"column":4},"end":{"line":60,"column":4}}},"3":{"name":"isMultisignAddress","line":62,"loc":{"start":{"line":62,"column":4},"end":{"line":67,"column":4}}},"4":{"name":"checkTrancheLimit","line":69,"loc":{"start":{"line":69,"column":4},"end":{"line":74,"column":4}}},"5":{"name":"checkDelay","line":76,"loc":{"start":{"line":76,"column":4},"end":{"line":82,"column":4}}},"6":{"name":"mint","line":84,"loc":{"start":{"line":84,"column":4},"end":{"line":91,"column":4}}},"7":{"name":"burn","line":93,"loc":{"start":{"line":93,"column":4},"end":{"line":100,"column":4}}},"8":{"name":"decimals","line":102,"loc":{"start":{"line":102,"column":4},"end":{"line":104,"column":4}}},"9":{"name":"revokeAdmin","line":106,"loc":{"start":{"line":106,"column":4},"end":{"line":108,"column":4}}},"10":{"name":"setupAdmin","line":110,"loc":{"start":{"line":110,"column":4},"end":{"line":112,"column":4}}},"11":{"name":"setupMinter","line":114,"loc":{"start":{"line":114,"column":4},"end":{"line":117,"column":4}}},"12":{"name":"setupBurner","line":119,"loc":{"start":{"line":119,"column":4},"end":{"line":122,"column":4}}},"13":{"name":"setMintTrancheCap","line":124,"loc":{"start":{"line":124,"column":4},"end":{"line":130,"column":4}}},"14":{"name":"setBurnTrancheCap","line":132,"loc":{"start":{"line":132,"column":4},"end":{"line":138,"column":4}}},"15":{"name":"getCoinConfig","line":141,"loc":{"start":{"line":141,"column":4},"end":{"line":143,"column":4}}}},"statementMap":{"1":{"start":{"line":52,"column":8},"end":{"line":52,"column":41}},"2":{"start":{"line":56,"column":8},"end":{"line":56,"column":2069}},"3":{"start":{"line":63,"column":8},"end":{"line":63,"column":2217}},"4":{"start":{"line":70,"column":8},"end":{"line":70,"column":2395}},"5":{"start":{"line":77,"column":8},"end":{"line":77,"column":52}},"6":{"start":{"line":78,"column":8},"end":{"line":78,"column":2631}},"7":{"start":{"line":85,"column":8},"end":{"line":85,"column":2989}},"8":{"start":{"line":90,"column":8},"end":{"line":90,"column":24}},"9":{"start":{"line":94,"column":8},"end":{"line":94,"column":3379}},"10":{"start":{"line":99,"column":8},"end":{"line":99,"column":24}},"11":{"start":{"line":103,"column":8},"end":{"line":103,"column":16}},"12":{"start":{"line":107,"column":8},"end":{"line":107,"column":37}},"13":{"start":{"line":111,"column":8},"end":{"line":111,"column":36}},"14":{"start":{"line":115,"column":8},"end":{"line":115,"column":4176}},"15":{"start":{"line":115,"column":21},"end":{"line":115,"column":51}},"16":{"start":{"line":116,"column":13},"end":{"line":116,"column":44}},"17":{"start":{"line":120,"column":8},"end":{"line":120,"column":4424}},"18":{"start":{"line":120,"column":21},"end":{"line":120,"column":51}},"19":{"start":{"line":121,"column":13},"end":{"line":121,"column":44}},"20":{"start":{"line":125,"column":8},"end":{"line":125,"column":4631}},"21":{"start":{"line":133,"column":8},"end":{"line":133,"column":4987}},"22":{"start":{"line":142,"column":8},"end":{"line":142,"column":95}}},"branchMap":{"1":{"line":56,"type":"if","locations":[{"start":{"line":56,"column":8},"end":{"line":56,"column":8}},{"start":{"line":56,"column":8},"end":{"line":56,"column":8}}]},"2":{"line":63,"type":"if","locations":[{"start":{"line":63,"column":8},"end":{"line":63,"column":8}},{"start":{"line":63,"column":8},"end":{"line":63,"column":8}}]},"3":{"line":70,"type":"if","locations":[{"start":{"line":70,"column":8},"end":{"line":70,"column":8}},{"start":{"line":70,"column":8},"end":{"line":70,"column":8}}]},"4":{"line":78,"type":"if","locations":[{"start":{"line":78,"column":8},"end":{"line":78,"column":8}},{"start":{"line":78,"column":8},"end":{"line":78,"column":8}}]},"5":{"line":84,"type":"if","locations":[{"start":{"line":84,"column":53},"end":{"line":84,"column":53}},{"start":{"line":84,"column":53},"end":{"line":84,"column":53}}]},"6":{"line":84,"type":"if","locations":[{"start":{"line":84,"column":75},"end":{"line":84,"column":75}},{"start":{"line":84,"column":75},"end":{"line":84,"column":75}}]},"7":{"line":84,"type":"if","locations":[{"start":{"line":84,"column":119},"end":{"line":84,"column":119}},{"start":{"line":84,"column":119},"end":{"line":84,"column":119}}]},"8":{"line":85,"type":"if","locations":[{"start":{"line":85,"column":8},"end":{"line":85,"column":8}},{"start":{"line":85,"column":8},"end":{"line":85,"column":8}}]},"9":{"line":93,"type":"if","locations":[{"start":{"line":93,"column":53},"end":{"line":93,"column":53}},{"start":{"line":93,"column":53},"end":{"line":93,"column":53}}]},"10":{"line":93,"type":"if","locations":[{"start":{"line":93,"column":75},"end":{"line":93,"column":75}},{"start":{"line":93,"column":75},"end":{"line":93,"column":75}}]},"11":{"line":93,"type":"if","locations":[{"start":{"line":93,"column":119},"end":{"line":93,"column":119}},{"start":{"line":93,"column":119},"end":{"line":93,"column":119}}]},"12":{"line":94,"type":"if","locations":[{"start":{"line":94,"column":8},"end":{"line":94,"column":8}},{"start":{"line":94,"column":8},"end":{"line":94,"column":8}}]},"13":{"line":106,"type":"if","locations":[{"start":{"line":106,"column":49},"end":{"line":106,"column":49}},{"start":{"line":106,"column":49},"end":{"line":106,"column":49}}]},"14":{"line":106,"type":"if","locations":[{"start":{"line":106,"column":70},"end":{"line":106,"column":70}},{"start":{"line":106,"column":70},"end":{"line":106,"column":70}}]},"15":{"line":110,"type":"if","locations":[{"start":{"line":110,"column":48},"end":{"line":110,"column":48}},{"start":{"line":110,"column":48},"end":{"line":110,"column":48}}]},"16":{"line":110,"type":"if","locations":[{"start":{"line":110,"column":69},"end":{"line":110,"column":69}},{"start":{"line":110,"column":69},"end":{"line":110,"column":69}}]},"17":{"line":110,"type":"if","locations":[{"start":{"line":110,"column":91},"end":{"line":110,"column":91}},{"start":{"line":110,"column":91},"end":{"line":110,"column":91}}]},"18":{"line":114,"type":"if","locations":[{"start":{"line":114,"column":64},"end":{"line":114,"column":64}},{"start":{"line":114,"column":64},"end":{"line":114,"column":64}}]},"19":{"line":114,"type":"if","locations":[{"start":{"line":114,"column":85},"end":{"line":114,"column":85}},{"start":{"line":114,"column":85},"end":{"line":114,"column":85}}]},"20":{"line":114,"type":"if","locations":[{"start":{"line":114,"column":108},"end":{"line":114,"column":108}},{"start":{"line":114,"column":108},"end":{"line":114,"column":108}}]},"21":{"line":115,"type":"if","locations":[{"start":{"line":115,"column":8},"end":{"line":115,"column":8}},{"start":{"line":115,"column":8},"end":{"line":115,"column":8}}]},"22":{"line":119,"type":"if","locations":[{"start":{"line":119,"column":64},"end":{"line":119,"column":64}},{"start":{"line":119,"column":64},"end":{"line":119,"column":64}}]},"23":{"line":119,"type":"if","locations":[{"start":{"line":119,"column":85},"end":{"line":119,"column":85}},{"start":{"line":119,"column":85},"end":{"line":119,"column":85}}]},"24":{"line":119,"type":"if","locations":[{"start":{"line":119,"column":108},"end":{"line":119,"column":108}},{"start":{"line":119,"column":108},"end":{"line":119,"column":108}}]},"25":{"line":120,"type":"if","locations":[{"start":{"line":120,"column":8},"end":{"line":120,"column":8}},{"start":{"line":120,"column":8},"end":{"line":120,"column":8}}]},"26":{"line":124,"type":"if","locations":[{"start":{"line":124,"column":55},"end":{"line":124,"column":55}},{"start":{"line":124,"column":55},"end":{"line":124,"column":55}}]},"27":{"line":124,"type":"if","locations":[{"start":{"line":124,"column":77},"end":{"line":124,"column":77}},{"start":{"line":124,"column":77},"end":{"line":124,"column":77}}]},"28":{"line":125,"type":"if","locations":[{"start":{"line":125,"column":8},"end":{"line":125,"column":8}},{"start":{"line":125,"column":8},"end":{"line":125,"column":8}}]},"29":{"line":125,"type":"cond-expr","locations":[{"start":{"line":125,"column":11},"end":{"line":125,"column":26}},{"start":{"line":125,"column":31},"end":{"line":125,"column":58}}]},"30":{"line":132,"type":"if","locations":[{"start":{"line":132,"column":55},"end":{"line":132,"column":55}},{"start":{"line":132,"column":55},"end":{"line":132,"column":55}}]},"31":{"line":132,"type":"if","locations":[{"start":{"line":132,"column":77},"end":{"line":132,"column":77}},{"start":{"line":132,"column":77},"end":{"line":132,"column":77}}]},"32":{"line":133,"type":"if","locations":[{"start":{"line":133,"column":8},"end":{"line":133,"column":8}},{"start":{"line":133,"column":8},"end":{"line":133,"column":8}}]},"33":{"line":133,"type":"cond-expr","locations":[{"start":{"line":133,"column":11},"end":{"line":133,"column":26}},{"start":{"line":133,"column":31},"end":{"line":133,"column":58}}]}}}}
