{
"contracts/props_evm.sol":{"l":{"109":45,"110":45,"111":45,"112":45,"113":45,"114":45,"115":45,"122":47,"123":4,"125":43,"130":41,"131":3,"133":38,"138":134,"139":2,"141":132,"146":150,"147":150,"148":6,"153":144,"172":127,"173":1,"175":126,"176":126,"177":126,"179":126,"197":3,"198":1,"200":2,"201":2,"202":2,"204":2,"213":0,"224":2,"226":2,"242":2,"244":2,"262":21,"265":21,"283":15,"286":15,"301":7,"302":2,"304":5,"305":5,"307":5,"322":7,"323":2,"325":5,"326":5,"328":5,"347":5},"path":"/home/spericorn/Documents/evm_props/contracts/props_evm.sol","s":{"1":45,"2":47,"3":41,"4":134,"5":150,"6":150,"7":127,"8":126,"9":126,"10":3,"11":2,"12":2,"13":0,"14":2,"15":2,"16":2,"17":2,"18":21,"19":20,"20":1,"21":21,"22":15,"23":14,"24":1,"25":15,"26":7,"27":5,"28":7,"29":5,"30":5},"b":{"1":[4,43],"2":[3,38],"3":[2,132],"4":[6,144],"5":[129,1],"6":[128,1],"7":[127,1],"8":[1,126],"9":[5,1],"10":[4,1],"11":[3,1],"12":[1,2],"13":[3,0],"14":[2,1],"15":[4,1],"16":[3,1],"17":[2,1],"18":[23,1],"19":[22,1],"20":[21,1],"21":[20,1],"22":[17,1],"23":[16,1],"24":[15,1],"25":[14,1],"26":[9,1],"27":[7,2],"28":[2,5],"29":[1,1],"30":[9,1],"31":[7,2],"32":[2,5],"33":[1,1]},"f":{"1":45,"2":47,"3":41,"4":134,"5":150,"6":127,"7":3,"8":0,"9":2,"10":2,"11":21,"12":15,"13":7,"14":7,"15":5},"fnMap":{"1":{"name":"constructor","line":108,"loc":{"start":{"line":101,"column":4},"end":{"line":116,"column":4}}},"2":{"name":"isValidAddress","line":121,"loc":{"start":{"line":121,"column":4},"end":{"line":126,"column":4}}},"3":{"name":"isMultisignAddress","line":129,"loc":{"start":{"line":129,"column":4},"end":{"line":134,"column":4}}},"4":{"name":"checkTrancheLimit","line":137,"loc":{"start":{"line":137,"column":4},"end":{"line":142,"column":4}}},"5":{"name":"checkDelay","line":145,"loc":{"start":{"line":145,"column":4},"end":{"line":154,"column":4}}},"6":{"name":"mint","line":170,"loc":{"start":{"line":163,"column":4},"end":{"line":180,"column":4}}},"7":{"name":"burn","line":195,"loc":{"start":{"line":188,"column":4},"end":{"line":205,"column":4}}},"8":{"name":"decimals","line":212,"loc":{"start":{"line":212,"column":4},"end":{"line":214,"column":4}}},"9":{"name":"revokeAdmin","line":223,"loc":{"start":{"line":221,"column":4},"end":{"line":227,"column":4}}},"10":{"name":"setupAdmin","line":240,"loc":{"start":{"line":234,"column":4},"end":{"line":245,"column":4}}},"11":{"name":"setupMinter","line":260,"loc":{"start":{"line":253,"column":4},"end":{"line":266,"column":4}}},"12":{"name":"setupBurner","line":281,"loc":{"start":{"line":274,"column":4},"end":{"line":287,"column":4}}},"13":{"name":"setMintTrancheCap","line":299,"loc":{"start":{"line":294,"column":4},"end":{"line":308,"column":4}}},"14":{"name":"setBurnTrancheCap","line":320,"loc":{"start":{"line":315,"column":4},"end":{"line":329,"column":4}}},"15":{"name":"getCoinConfig","line":342,"loc":{"start":{"line":342,"column":4},"end":{"line":355,"column":4}}}},"statementMap":{"1":{"start":{"line":115,"column":8},"end":{"line":115,"column":41}},"2":{"start":{"line":122,"column":8},"end":{"line":122,"column":3679}},"3":{"start":{"line":130,"column":8},"end":{"line":130,"column":3875}},"4":{"start":{"line":138,"column":8},"end":{"line":138,"column":4111}},"5":{"start":{"line":146,"column":8},"end":{"line":146,"column":51}},"6":{"start":{"line":147,"column":8},"end":{"line":147,"column":4407}},"7":{"start":{"line":172,"column":8},"end":{"line":172,"column":5164}},"8":{"start":{"line":177,"column":8},"end":{"line":177,"column":24}},"9":{"start":{"line":179,"column":8},"end":{"line":179,"column":53}},"10":{"start":{"line":197,"column":8},"end":{"line":197,"column":5965}},"11":{"start":{"line":202,"column":8},"end":{"line":202,"column":26}},"12":{"start":{"line":204,"column":8},"end":{"line":204,"column":55}},"13":{"start":{"line":213,"column":8},"end":{"line":213,"column":16}},"14":{"start":{"line":224,"column":8},"end":{"line":224,"column":37}},"15":{"start":{"line":226,"column":8},"end":{"line":226,"column":49}},"16":{"start":{"line":242,"column":8},"end":{"line":242,"column":36}},"17":{"start":{"line":244,"column":8},"end":{"line":244,"column":47}},"18":{"start":{"line":262,"column":8},"end":{"line":262,"column":7749}},"19":{"start":{"line":262,"column":21},"end":{"line":262,"column":51}},"20":{"start":{"line":263,"column":13},"end":{"line":263,"column":44}},"21":{"start":{"line":265,"column":8},"end":{"line":265,"column":49}},"22":{"start":{"line":283,"column":8},"end":{"line":283,"column":8360}},"23":{"start":{"line":283,"column":21},"end":{"line":283,"column":51}},"24":{"start":{"line":284,"column":13},"end":{"line":284,"column":44}},"25":{"start":{"line":286,"column":8},"end":{"line":286,"column":49}},"26":{"start":{"line":301,"column":8},"end":{"line":301,"column":8890}},"27":{"start":{"line":307,"column":8},"end":{"line":307,"column":68}},"28":{"start":{"line":322,"column":8},"end":{"line":322,"column":9592}},"29":{"start":{"line":328,"column":8},"end":{"line":328,"column":68}},"30":{"start":{"line":347,"column":8},"end":{"line":347,"column":10271}}},"branchMap":{"1":{"line":122,"type":"if","locations":[{"start":{"line":122,"column":8},"end":{"line":122,"column":8}},{"start":{"line":122,"column":8},"end":{"line":122,"column":8}}]},"2":{"line":130,"type":"if","locations":[{"start":{"line":130,"column":8},"end":{"line":130,"column":8}},{"start":{"line":130,"column":8},"end":{"line":130,"column":8}}]},"3":{"line":138,"type":"if","locations":[{"start":{"line":138,"column":8},"end":{"line":138,"column":8}},{"start":{"line":138,"column":8},"end":{"line":138,"column":8}}]},"4":{"line":147,"type":"if","locations":[{"start":{"line":147,"column":8},"end":{"line":147,"column":8}},{"start":{"line":147,"column":8},"end":{"line":147,"column":8}}]},"5":{"line":168,"type":"if","locations":[{"start":{"line":168,"column":8},"end":{"line":168,"column":8}},{"start":{"line":168,"column":8},"end":{"line":168,"column":8}}]},"6":{"line":169,"type":"if","locations":[{"start":{"line":169,"column":8},"end":{"line":169,"column":8}},{"start":{"line":169,"column":8},"end":{"line":169,"column":8}}]},"7":{"line":170,"type":"if","locations":[{"start":{"line":170,"column":8},"end":{"line":170,"column":8}},{"start":{"line":170,"column":8},"end":{"line":170,"column":8}}]},"8":{"line":172,"type":"if","locations":[{"start":{"line":172,"column":8},"end":{"line":172,"column":8}},{"start":{"line":172,"column":8},"end":{"line":172,"column":8}}]},"9":{"line":193,"type":"if","locations":[{"start":{"line":193,"column":8},"end":{"line":193,"column":8}},{"start":{"line":193,"column":8},"end":{"line":193,"column":8}}]},"10":{"line":194,"type":"if","locations":[{"start":{"line":194,"column":8},"end":{"line":194,"column":8}},{"start":{"line":194,"column":8},"end":{"line":194,"column":8}}]},"11":{"line":195,"type":"if","locations":[{"start":{"line":195,"column":8},"end":{"line":195,"column":8}},{"start":{"line":195,"column":8},"end":{"line":195,"column":8}}]},"12":{"line":197,"type":"if","locations":[{"start":{"line":197,"column":8},"end":{"line":197,"column":8}},{"start":{"line":197,"column":8},"end":{"line":197,"column":8}}]},"13":{"line":223,"type":"if","locations":[{"start":{"line":223,"column":15},"end":{"line":223,"column":15}},{"start":{"line":223,"column":15},"end":{"line":223,"column":15}}]},"14":{"line":223,"type":"if","locations":[{"start":{"line":223,"column":36},"end":{"line":223,"column":36}},{"start":{"line":223,"column":36},"end":{"line":223,"column":36}}]},"15":{"line":238,"type":"if","locations":[{"start":{"line":238,"column":8},"end":{"line":238,"column":8}},{"start":{"line":238,"column":8},"end":{"line":238,"column":8}}]},"16":{"line":239,"type":"if","locations":[{"start":{"line":239,"column":8},"end":{"line":239,"column":8}},{"start":{"line":239,"column":8},"end":{"line":239,"column":8}}]},"17":{"line":240,"type":"if","locations":[{"start":{"line":240,"column":8},"end":{"line":240,"column":8}},{"start":{"line":240,"column":8},"end":{"line":240,"column":8}}]},"18":{"line":258,"type":"if","locations":[{"start":{"line":258,"column":8},"end":{"line":258,"column":8}},{"start":{"line":258,"column":8},"end":{"line":258,"column":8}}]},"19":{"line":259,"type":"if","locations":[{"start":{"line":259,"column":8},"end":{"line":259,"column":8}},{"start":{"line":259,"column":8},"end":{"line":259,"column":8}}]},"20":{"line":260,"type":"if","locations":[{"start":{"line":260,"column":8},"end":{"line":260,"column":8}},{"start":{"line":260,"column":8},"end":{"line":260,"column":8}}]},"21":{"line":262,"type":"if","locations":[{"start":{"line":262,"column":8},"end":{"line":262,"column":8}},{"start":{"line":262,"column":8},"end":{"line":262,"column":8}}]},"22":{"line":279,"type":"if","locations":[{"start":{"line":279,"column":8},"end":{"line":279,"column":8}},{"start":{"line":279,"column":8},"end":{"line":279,"column":8}}]},"23":{"line":280,"type":"if","locations":[{"start":{"line":280,"column":8},"end":{"line":280,"column":8}},{"start":{"line":280,"column":8},"end":{"line":280,"column":8}}]},"24":{"line":281,"type":"if","locations":[{"start":{"line":281,"column":8},"end":{"line":281,"column":8}},{"start":{"line":281,"column":8},"end":{"line":281,"column":8}}]},"25":{"line":283,"type":"if","locations":[{"start":{"line":283,"column":8},"end":{"line":283,"column":8}},{"start":{"line":283,"column":8},"end":{"line":283,"column":8}}]},"26":{"line":298,"type":"if","locations":[{"start":{"line":298,"column":8},"end":{"line":298,"column":8}},{"start":{"line":298,"column":8},"end":{"line":298,"column":8}}]},"27":{"line":299,"type":"if","locations":[{"start":{"line":299,"column":8},"end":{"line":299,"column":8}},{"start":{"line":299,"column":8},"end":{"line":299,"column":8}}]},"28":{"line":301,"type":"if","locations":[{"start":{"line":301,"column":8},"end":{"line":301,"column":8}},{"start":{"line":301,"column":8},"end":{"line":301,"column":8}}]},"29":{"line":301,"type":"cond-expr","locations":[{"start":{"line":301,"column":12},"end":{"line":301,"column":27}},{"start":{"line":301,"column":32},"end":{"line":301,"column":59}}]},"30":{"line":319,"type":"if","locations":[{"start":{"line":319,"column":8},"end":{"line":319,"column":8}},{"start":{"line":319,"column":8},"end":{"line":319,"column":8}}]},"31":{"line":320,"type":"if","locations":[{"start":{"line":320,"column":8},"end":{"line":320,"column":8}},{"start":{"line":320,"column":8},"end":{"line":320,"column":8}}]},"32":{"line":322,"type":"if","locations":[{"start":{"line":322,"column":8},"end":{"line":322,"column":8}},{"start":{"line":322,"column":8},"end":{"line":322,"column":8}}]},"33":{"line":322,"type":"cond-expr","locations":[{"start":{"line":322,"column":12},"end":{"line":322,"column":27}},{"start":{"line":322,"column":32},"end":{"line":322,"column":59}}]}}}}
