TN:
SF:/home/spericorn/Documents/evm_props/contracts/props_evm.sol
FN:108,constructor
FN:121,isValidAddress
FN:129,isMultisignAddress
FN:137,checkTrancheLimit
FN:145,checkDelay
FN:170,mint
FN:195,burn
FN:212,decimals
FN:223,revokeAdmin
FN:240,setupAdmin
FN:260,setupMinter
FN:281,setupBurner
FN:299,setMintTrancheCap
FN:320,setBurnTrancheCap
FN:342,getCoinConfig
FNF:15
FNH:14
FNDA:45,constructor
FNDA:47,isValidAddress
FNDA:41,isMultisignAddress
FNDA:134,checkTrancheLimit
FNDA:150,checkDelay
FNDA:127,mint
FNDA:3,burn
FNDA:0,decimals
FNDA:2,revokeAdmin
FNDA:2,setupAdmin
FNDA:21,setupMinter
FNDA:15,setupBurner
FNDA:7,setMintTrancheCap
FNDA:7,setBurnTrancheCap
FNDA:5,getCoinConfig
DA:109,45
DA:110,45
DA:111,45
DA:112,45
DA:113,45
DA:114,45
DA:115,45
DA:122,47
DA:123,4
DA:125,43
DA:130,41
DA:131,3
DA:133,38
DA:138,134
DA:139,2
DA:141,132
DA:146,150
DA:147,150
DA:148,6
DA:153,144
DA:172,127
DA:173,1
DA:175,126
DA:176,126
DA:177,126
DA:179,126
DA:197,3
DA:198,1
DA:200,2
DA:201,2
DA:202,2
DA:204,2
DA:213,0
DA:224,2
DA:226,2
DA:242,2
DA:244,2
DA:262,21
DA:265,21
DA:283,15
DA:286,15
DA:301,7
DA:302,2
DA:304,5
DA:305,5
DA:307,5
DA:322,7
DA:323,2
DA:325,5
DA:326,5
DA:328,5
DA:347,5
LF:52
LH:51
BRDA:122,1,0,4
BRDA:122,1,1,43
BRDA:130,2,0,3
BRDA:130,2,1,38
BRDA:138,3,0,2
BRDA:138,3,1,132
BRDA:147,4,0,6
BRDA:147,4,1,144
BRDA:168,5,0,129
BRDA:168,5,1,1
BRDA:169,6,0,128
BRDA:169,6,1,1
BRDA:170,7,0,127
BRDA:170,7,1,1
BRDA:172,8,0,1
BRDA:172,8,1,126
BRDA:193,9,0,5
BRDA:193,9,1,1
BRDA:194,10,0,4
BRDA:194,10,1,1
BRDA:195,11,0,3
BRDA:195,11,1,1
BRDA:197,12,0,1
BRDA:197,12,1,2
BRDA:223,13,0,3
BRDA:223,13,1,0
BRDA:223,14,0,2
BRDA:223,14,1,1
BRDA:238,15,0,4
BRDA:238,15,1,1
BRDA:239,16,0,3
BRDA:239,16,1,1
BRDA:240,17,0,2
BRDA:240,17,1,1
BRDA:258,18,0,23
BRDA:258,18,1,1
BRDA:259,19,0,22
BRDA:259,19,1,1
BRDA:260,20,0,21
BRDA:260,20,1,1
BRDA:262,21,0,20
BRDA:262,21,1,1
BRDA:279,22,0,17
BRDA:279,22,1,1
BRDA:280,23,0,16
BRDA:280,23,1,1
BRDA:281,24,0,15
BRDA:281,24,1,1
BRDA:283,25,0,14
BRDA:283,25,1,1
BRDA:298,26,0,9
BRDA:298,26,1,1
BRDA:299,27,0,7
BRDA:299,27,1,2
BRDA:301,28,0,2
BRDA:301,28,1,5
BRDA:301,29,0,1
BRDA:301,29,1,1
BRDA:319,30,0,9
BRDA:319,30,1,1
BRDA:320,31,0,7
BRDA:320,31,1,2
BRDA:322,32,0,2
BRDA:322,32,1,5
BRDA:322,33,0,1
BRDA:322,33,1,1
BRF:66
BRH:65
end_of_record
