TN:
SF:/home/spericorn/Documents/evm_props/contracts/props_evm.sol
FN:44,constructor
FN:55,isValidAddress
FN:62,isMultisignAddress
FN:69,checkTrancheLimit
FN:76,checkDelay
FN:84,mint
FN:93,burn
FN:102,decimals
FN:106,revokeAdmin
FN:110,setupAdmin
FN:114,setupMinter
FN:119,setupBurner
FN:124,setMintTrancheCap
FN:132,setBurnTrancheCap
FN:141,getCoinConfig
FNF:15
FNH:14
FNDA:39,constructor
FNDA:41,isValidAddress
FNDA:36,isMultisignAddress
FNDA:134,checkTrancheLimit
FNDA:148,checkDelay
FNDA:127,mint
FNDA:3,burn
FNDA:0,decimals
FNDA:1,revokeAdmin
FNDA:1,setupAdmin
FNDA:19,setupMinter
FNDA:13,setupBurner
FNDA:6,setMintTrancheCap
FNDA:6,setBurnTrancheCap
FNDA:5,getCoinConfig
DA:46,39
DA:47,39
DA:48,39
DA:49,39
DA:50,39
DA:51,39
DA:52,39
DA:56,41
DA:57,4
DA:59,37
DA:63,36
DA:64,3
DA:66,33
DA:70,134
DA:71,2
DA:73,132
DA:77,148
DA:78,148
DA:79,6
DA:81,142
DA:85,127
DA:86,1
DA:88,126
DA:89,126
DA:90,126
DA:94,3
DA:95,1
DA:97,2
DA:98,2
DA:99,2
DA:103,0
DA:107,1
DA:111,1
DA:115,19
DA:120,13
DA:125,6
DA:126,2
DA:128,4
DA:129,4
DA:133,6
DA:134,2
DA:136,4
DA:137,4
DA:142,5
LF:44
LH:43
BRDA:56,1,0,4
BRDA:56,1,1,37
BRDA:63,2,0,3
BRDA:63,2,1,33
BRDA:70,3,0,2
BRDA:70,3,1,132
BRDA:78,4,0,6
BRDA:78,4,1,142
BRDA:84,5,0,129
BRDA:84,5,1,1
BRDA:84,6,0,128
BRDA:84,6,1,1
BRDA:84,7,0,127
BRDA:84,7,1,1
BRDA:85,8,0,1
BRDA:85,8,1,126
BRDA:93,9,0,5
BRDA:93,9,1,1
BRDA:93,10,0,4
BRDA:93,10,1,1
BRDA:93,11,0,3
BRDA:93,11,1,1
BRDA:94,12,0,1
BRDA:94,12,1,2
BRDA:106,13,0,2
BRDA:106,13,1,0
BRDA:106,14,0,1
BRDA:106,14,1,1
BRDA:110,15,0,3
BRDA:110,15,1,1
BRDA:110,16,0,2
BRDA:110,16,1,1
BRDA:110,17,0,1
BRDA:110,17,1,1
BRDA:114,18,0,21
BRDA:114,18,1,1
BRDA:114,19,0,20
BRDA:114,19,1,1
BRDA:114,20,0,19
BRDA:114,20,1,1
BRDA:115,21,0,18
BRDA:115,21,1,1
BRDA:119,22,0,15
BRDA:119,22,1,1
BRDA:119,23,0,14
BRDA:119,23,1,1
BRDA:119,24,0,13
BRDA:119,24,1,1
BRDA:120,25,0,12
BRDA:120,25,1,1
BRDA:124,26,0,8
BRDA:124,26,1,1
BRDA:124,27,0,6
BRDA:124,27,1,2
BRDA:125,28,0,2
BRDA:125,28,1,4
BRDA:125,29,0,1
BRDA:125,29,1,1
BRDA:132,30,0,8
BRDA:132,30,1,1
BRDA:132,31,0,6
BRDA:132,31,1,2
BRDA:133,32,0,2
BRDA:133,32,1,4
BRDA:133,33,0,1
BRDA:133,33,1,1
BRF:66
BRH:65
end_of_record
